D:\Microsoft Visual Studio\2019\Community\MSBuild\Microsoft\VC\v160\Microsoft.CppBuild.targets(499,5): warning MSB8004: Output Directory does not end with a trailing slash.  This build instance will add the slash as it is required to allow proper evaluation of the Output Directory.
  stdafx.cpp
  aircraft.cpp
E:\Saved Games\DCS\Mods\aircraft\YF-23A Black Widow\EFM\FM\vec3.h(174,4): warning C4244: 'initializing': conversion from 'const double' to 'float', possible loss of data
E:\Saved Games\DCS\Mods\aircraft\YF-23A Black Widow\EFM\FM\vec3.h(174,12): warning C4244: 'initializing': conversion from 'const double' to 'float', possible loss of data
E:\Saved Games\DCS\Mods\aircraft\YF-23A Black Widow\EFM\FM\vec3.h(174,20): warning C4244: 'initializing': conversion from 'const double' to 'float', possible loss of data
E:\Saved Games\DCS\Mods\aircraft\YF-23A Black Widow\EFM\FM\aircraft.cpp(418,37): warning C4244: '=': conversion from 'double' to 'float', possible loss of data
E:\Saved Games\DCS\Mods\aircraft\YF-23A Black Widow\EFM\FM\aircraft.cpp(419,37): warning C4244: '=': conversion from 'double' to 'float', possible loss of data
E:\Saved Games\DCS\Mods\aircraft\YF-23A Black Widow\EFM\FM\aircraft.cpp(428,53): warning C4244: '=': conversion from 'double' to 'float', possible loss of data
E:\Saved Games\DCS\Mods\aircraft\YF-23A Black Widow\EFM\FM\aircraft.cpp(429,55): warning C4244: '=': conversion from 'double' to 'float', possible loss of data
E:\Saved Games\DCS\Mods\aircraft\YF-23A Black Widow\EFM\FM\aircraft.cpp(430,53): warning C4244: '=': conversion from 'double' to 'float', possible loss of data
E:\Saved Games\DCS\Mods\aircraft\YF-23A Black Widow\EFM\FM\aircraft.cpp(431,55): warning C4244: '=': conversion from 'double' to 'float', possible loss of data
E:\Saved Games\DCS\Mods\aircraft\YF-23A Black Widow\EFM\FM\aircraft.cpp(432,45): warning C4244: '=': conversion from 'double' to 'float', possible loss of data
E:\Saved Games\DCS\Mods\aircraft\YF-23A Black Widow\EFM\FM\aircraft.cpp(433,49): warning C4244: '=': conversion from 'double' to 'float', possible loss of data
E:\Saved Games\DCS\Mods\aircraft\YF-23A Black Widow\EFM\FM\aircraft.cpp(434,51): warning C4244: '=': conversion from 'double' to 'float', possible loss of data
E:\Saved Games\DCS\Mods\aircraft\YF-23A Black Widow\EFM\FM\aircraft.cpp(435,47): warning C4244: '=': conversion from 'double' to 'float', possible loss of data
E:\Saved Games\DCS\Mods\aircraft\YF-23A Black Widow\EFM\FM\aircraft.cpp(436,53): warning C4244: '=': conversion from 'double' to 'float', possible loss of data
E:\Saved Games\DCS\Mods\aircraft\YF-23A Black Widow\EFM\FM\aircraft.cpp(437,49): warning C4244: '=': conversion from 'double' to 'float', possible loss of data
E:\Saved Games\DCS\Mods\aircraft\YF-23A Black Widow\EFM\FM\aircraft.cpp(438,51): warning C4244: '=': conversion from 'double' to 'float', possible loss of data
E:\Saved Games\DCS\Mods\aircraft\YF-23A Black Widow\EFM\FM\input.h(127): warning C4172: returning address of local variable or temporary
E:\Saved Games\DCS\Mods\aircraft\YF-23A Black Widow\EFM\FM\input.h(145): warning C4172: returning address of local variable or temporary
  dllmain.cpp
     Creating library E:\Saved Games\DCS\Mods\aircraft\YF-23A Black Widow\EFM\..\bin\YF-23A.lib and object E:\Saved Games\DCS\Mods\aircraft\YF-23A Black Widow\EFM\..\bin\YF-23A.exp
  ED_FM_Template.vcxproj -> E:\Saved Games\DCS\Mods\aircraft\YF-23A Black Widow\bin\YF-23A.dll
