e:\saved games\dcs\mods\aircraft\yf-23a\bin\yf-23a.lib
e:\saved games\dcs\mods\aircraft\yf-23a\bin\yf-23a.exp
e:\saved games\dcs\mods\aircraft\.back\yf-23a\bin\yf-23a.lib
e:\saved games\dcs\mods\aircraft\.back\yf-23a\bin\yf-23a.exp
e:\saved games\dcs\mods\aircraft\.back\yf-23a\efm\fm\x64\debug\yf-23a.pch
e:\saved games\dcs\mods\aircraft\.back\yf-23a\efm\fm\x64\debug\vc142.pdb
e:\saved games\dcs\mods\aircraft\.back\yf-23a\efm\fm\x64\debug\vc142.idb
e:\saved games\dcs\mods\aircraft\.back\yf-23a\efm\fm\x64\debug\stdafx.obj
e:\saved games\dcs\mods\aircraft\.back\yf-23a\efm\fm\x64\debug\aircraft.obj
e:\saved games\dcs\mods\aircraft\.back\yf-23a\efm\fm\x64\debug\dllmain.obj
e:\saved games\dcs\mods\aircraft\.back\yf-23a\efm\fm\x64\debug\yf-23a.ilk
e:\saved games\dcs\mods\aircraft\.back\yf-23a\bin\yf-23a.dll
e:\saved games\dcs\mods\aircraft\.back\yf-23a\bin\yf-23a.pdb
e:\saved games\dcs\mods\aircraft\.back\yf-23a\efm\..\bin\yf-23a.pdb
e:\saved games\dcs\mods\aircraft\.back\yf-23a\efm\fm\x64\debug\blackwidowii.tlog\blackwidowii.write.1u.tlog
e:\saved games\dcs\mods\aircraft\.back\yf-23a\efm\fm\x64\debug\blackwidowii.tlog\cl.command.1.tlog
e:\saved games\dcs\mods\aircraft\.back\yf-23a\efm\fm\x64\debug\blackwidowii.tlog\cl.read.1.tlog
e:\saved games\dcs\mods\aircraft\.back\yf-23a\efm\fm\x64\debug\blackwidowii.tlog\cl.write.1.tlog
e:\saved games\dcs\mods\aircraft\.back\yf-23a\efm\fm\x64\debug\blackwidowii.tlog\link.command.1.tlog
e:\saved games\dcs\mods\aircraft\.back\yf-23a\efm\fm\x64\debug\blackwidowii.tlog\link.read.1.tlog
e:\saved games\dcs\mods\aircraft\.back\yf-23a\efm\fm\x64\debug\blackwidowii.tlog\link.write.1.tlog
