  stdafx.cpp
  dllmain.cpp
  yf23a.cpp
E:\Saved Games\DCS\Mods\aircraft\YF-23A Black Widow\EFM\FM\common\vec3.h(174,4): warning C4244: 'initializing': conversion from 'const double' to 'float', possible loss of data
E:\Saved Games\DCS\Mods\aircraft\YF-23A Black Widow\EFM\FM\common\vec3.h(174,12): warning C4244: 'initializing': conversion from 'const double' to 'float', possible loss of data
E:\Saved Games\DCS\Mods\aircraft\YF-23A Black Widow\EFM\FM\common\vec3.h(174,20): warning C4244: 'initializing': conversion from 'const double' to 'float', possible loss of data
E:\Saved Games\DCS\Mods\aircraft\YF-23A Black Widow\EFM\FM\yf23a.cpp(371,37): warning C4244: '=': conversion from 'double' to 'float', possible loss of data
E:\Saved Games\DCS\Mods\aircraft\YF-23A Black Widow\EFM\FM\yf23a.cpp(372,37): warning C4244: '=': conversion from 'double' to 'float', possible loss of data
E:\Saved Games\DCS\Mods\aircraft\YF-23A Black Widow\EFM\FM\yf23a.cpp(381,53): warning C4244: '=': conversion from 'double' to 'float', possible loss of data
E:\Saved Games\DCS\Mods\aircraft\YF-23A Black Widow\EFM\FM\yf23a.cpp(382,55): warning C4244: '=': conversion from 'double' to 'float', possible loss of data
E:\Saved Games\DCS\Mods\aircraft\YF-23A Black Widow\EFM\FM\yf23a.cpp(383,53): warning C4244: '=': conversion from 'double' to 'float', possible loss of data
E:\Saved Games\DCS\Mods\aircraft\YF-23A Black Widow\EFM\FM\yf23a.cpp(384,55): warning C4244: '=': conversion from 'double' to 'float', possible loss of data
E:\Saved Games\DCS\Mods\aircraft\YF-23A Black Widow\EFM\FM\yf23a.cpp(385,45): warning C4244: '=': conversion from 'double' to 'float', possible loss of data
E:\Saved Games\DCS\Mods\aircraft\YF-23A Black Widow\EFM\FM\yf23a.cpp(386,49): warning C4244: '=': conversion from 'double' to 'float', possible loss of data
E:\Saved Games\DCS\Mods\aircraft\YF-23A Black Widow\EFM\FM\yf23a.cpp(387,51): warning C4244: '=': conversion from 'double' to 'float', possible loss of data
E:\Saved Games\DCS\Mods\aircraft\YF-23A Black Widow\EFM\FM\yf23a.cpp(388,47): warning C4244: '=': conversion from 'double' to 'float', possible loss of data
E:\Saved Games\DCS\Mods\aircraft\YF-23A Black Widow\EFM\FM\yf23a.cpp(389,53): warning C4244: '=': conversion from 'double' to 'float', possible loss of data
E:\Saved Games\DCS\Mods\aircraft\YF-23A Black Widow\EFM\FM\yf23a.cpp(390,49): warning C4244: '=': conversion from 'double' to 'float', possible loss of data
E:\Saved Games\DCS\Mods\aircraft\YF-23A Black Widow\EFM\FM\yf23a.cpp(391,51): warning C4244: '=': conversion from 'double' to 'float', possible loss of data
     Creating library E:\Saved Games\DCS\Mods\aircraft\YF-23A Black Widow\EFM\Release\yf23a.lib and object E:\Saved Games\DCS\Mods\aircraft\YF-23A Black Widow\EFM\Release\yf23a.exp
  Generating code
  Previous IPDB not found, fall back to full compilation.
E:\Saved Games\DCS\Mods\aircraft\YF-23A Black Widow\EFM\FM\input\input.h(127): warning C4172: returning address of local variable or temporary
E:\Saved Games\DCS\Mods\aircraft\YF-23A Black Widow\EFM\FM\input\input.h(109): warning C4172: returning address of local variable or temporary
E:\Saved Games\DCS\Mods\aircraft\YF-23A Black Widow\EFM\FM\airframe\airframe.h(126): warning C4700: uninitialized local variable 'brkOutTq' used
  All 179 functions were compiled because no usable IPDB/IOBJ from previous compilation was found.
  Finished generating code
  ED_FM_Template.vcxproj -> E:\Saved Games\DCS\Mods\aircraft\YF-23A Black Widow\EFM\Release\yf23a.dll
