D:\Microsoft Visual Studio\2019\Community\MSBuild\Microsoft\VC\v160\Microsoft.CppBuild.targets(499,5): warning MSB8004: Output Directory does not end with a trailing slash.  This build instance will add the slash as it is required to allow proper evaluation of the Output Directory.
D:\Microsoft Visual Studio\2019\Community\MSBuild\Microsoft\VC\v160\Microsoft.CppBuild.targets(513,5): warning MSB8028: The intermediate directory (x64\Release\) contains files shared from another project (ED_FM_Template.vcxproj, yf23a.vcxproj).  This can lead to incorrect clean and rebuild behavior.
  stdafx.cpp
  aircraft.cpp
E:\Saved Games\DCS\Mods\aircraft\YF-23A Black Widow\EFM\FM\vec3.h(174,4): warning C4244: 'initializing': conversion from 'const double' to 'float', possible loss of data
E:\Saved Games\DCS\Mods\aircraft\YF-23A Black Widow\EFM\FM\vec3.h(174,12): warning C4244: 'initializing': conversion from 'const double' to 'float', possible loss of data
E:\Saved Games\DCS\Mods\aircraft\YF-23A Black Widow\EFM\FM\vec3.h(174,20): warning C4244: 'initializing': conversion from 'const double' to 'float', possible loss of data
E:\Saved Games\DCS\Mods\aircraft\YF-23A Black Widow\EFM\FM\aircraft.cpp(377,37): warning C4244: '=': conversion from 'double' to 'float', possible loss of data
E:\Saved Games\DCS\Mods\aircraft\YF-23A Black Widow\EFM\FM\aircraft.cpp(378,37): warning C4244: '=': conversion from 'double' to 'float', possible loss of data
E:\Saved Games\DCS\Mods\aircraft\YF-23A Black Widow\EFM\FM\aircraft.cpp(387,53): warning C4244: '=': conversion from 'double' to 'float', possible loss of data
E:\Saved Games\DCS\Mods\aircraft\YF-23A Black Widow\EFM\FM\aircraft.cpp(388,55): warning C4244: '=': conversion from 'double' to 'float', possible loss of data
E:\Saved Games\DCS\Mods\aircraft\YF-23A Black Widow\EFM\FM\aircraft.cpp(389,53): warning C4244: '=': conversion from 'double' to 'float', possible loss of data
E:\Saved Games\DCS\Mods\aircraft\YF-23A Black Widow\EFM\FM\aircraft.cpp(390,55): warning C4244: '=': conversion from 'double' to 'float', possible loss of data
E:\Saved Games\DCS\Mods\aircraft\YF-23A Black Widow\EFM\FM\aircraft.cpp(391,45): warning C4244: '=': conversion from 'double' to 'float', possible loss of data
E:\Saved Games\DCS\Mods\aircraft\YF-23A Black Widow\EFM\FM\aircraft.cpp(392,49): warning C4244: '=': conversion from 'double' to 'float', possible loss of data
E:\Saved Games\DCS\Mods\aircraft\YF-23A Black Widow\EFM\FM\aircraft.cpp(393,51): warning C4244: '=': conversion from 'double' to 'float', possible loss of data
E:\Saved Games\DCS\Mods\aircraft\YF-23A Black Widow\EFM\FM\aircraft.cpp(394,47): warning C4244: '=': conversion from 'double' to 'float', possible loss of data
E:\Saved Games\DCS\Mods\aircraft\YF-23A Black Widow\EFM\FM\aircraft.cpp(395,53): warning C4244: '=': conversion from 'double' to 'float', possible loss of data
E:\Saved Games\DCS\Mods\aircraft\YF-23A Black Widow\EFM\FM\aircraft.cpp(396,49): warning C4244: '=': conversion from 'double' to 'float', possible loss of data
E:\Saved Games\DCS\Mods\aircraft\YF-23A Black Widow\EFM\FM\aircraft.cpp(397,51): warning C4244: '=': conversion from 'double' to 'float', possible loss of data
  dllmain.cpp
     Creating library E:\Saved Games\DCS\Mods\aircraft\YF-23A Black Widow\EFM\..\bin\YF-23A.lib and object E:\Saved Games\DCS\Mods\aircraft\YF-23A Black Widow\EFM\..\bin\YF-23A.exp
  Generating code
  Previous IPDB not found, fall back to full compilation.
E:\Saved Games\DCS\Mods\aircraft\YF-23A Black Widow\EFM\FM\input.h(127): warning C4172: returning address of local variable or temporary
E:\Saved Games\DCS\Mods\aircraft\YF-23A Black Widow\EFM\FM\input.h(109): warning C4172: returning address of local variable or temporary
E:\Saved Games\DCS\Mods\aircraft\YF-23A Black Widow\EFM\FM\airframe.h(126): warning C4700: uninitialized local variable 'brkOutTq' used
  All 183 functions were compiled because no usable IPDB/IOBJ from previous compilation was found.
  Finished generating code
  ED_FM_Template.vcxproj -> E:\Saved Games\DCS\Mods\aircraft\YF-23A Black Widow\bin\YF-23A.dll
