e:\saved games\dcs\mods\aircraft\yf-23a black widow\bin\yf-23a.lib
e:\saved games\dcs\mods\aircraft\yf-23a black widow\bin\yf-23a.exp
e:\saved games\dcs\mods\aircraft\yf-23a black widow\efm\fm\x64\release\yf-23a.pch
e:\saved games\dcs\mods\aircraft\yf-23a black widow\efm\fm\x64\release\vc142.pdb
e:\saved games\dcs\mods\aircraft\yf-23a black widow\efm\fm\x64\release\stdafx.obj
e:\saved games\dcs\mods\aircraft\yf-23a black widow\efm\fm\x64\release\aircraft.obj
e:\saved games\dcs\mods\aircraft\yf-23a black widow\efm\fm\x64\release\dllmain.obj
e:\saved games\dcs\mods\aircraft\yf-23a black widow\bin\yf-23a.dll
e:\saved games\dcs\mods\aircraft\yf-23a black widow\efm\fm\x64\release\aircraft.cod
e:\saved games\dcs\mods\aircraft\yf-23a black widow\efm\fm\x64\release\dllmain.cod
e:\saved games\dcs\mods\aircraft\yf-23a black widow\efm\fm\x64\release\stdafx.cod
e:\saved games\dcs\mods\aircraft\yf-23a black widow\efm\fm\x64\release\yf-23a.ipdb
e:\saved games\dcs\mods\aircraft\yf-23a black widow\efm\fm\x64\release\yf-23a.iobj
e:\saved games\dcs\mods\aircraft\yf-23a black widow\bin\yf-23a.pdb
e:\saved games\dcs\mods\aircraft\yf-23a black widow\efm\..\bin\yf-23a.pdb
e:\saved games\dcs\mods\aircraft\yf-23a black widow\efm\fm\x64\release\blackwidowii.tlog\blackwidowii.write.1u.tlog
e:\saved games\dcs\mods\aircraft\yf-23a black widow\efm\fm\x64\release\blackwidowii.tlog\cl.command.1.tlog
e:\saved games\dcs\mods\aircraft\yf-23a black widow\efm\fm\x64\release\blackwidowii.tlog\cl.read.1.tlog
e:\saved games\dcs\mods\aircraft\yf-23a black widow\efm\fm\x64\release\blackwidowii.tlog\cl.write.1.tlog
e:\saved games\dcs\mods\aircraft\yf-23a black widow\efm\fm\x64\release\blackwidowii.tlog\link.command.1.tlog
e:\saved games\dcs\mods\aircraft\yf-23a black widow\efm\fm\x64\release\blackwidowii.tlog\link.read.1.tlog
e:\saved games\dcs\mods\aircraft\yf-23a black widow\efm\fm\x64\release\blackwidowii.tlog\link.write.1.tlog
